<?xml version="1.0" encoding="UTF-8"?>
<testng-results total="2" passed="2" failed="0" skipped="0">
  <reporter-output>
  </reporter-output>
  <suite started-at="2018-08-21T17:17:59Z" name="Suite" finished-at="2018-08-21T17:18:00Z" duration-ms="105">
    <groups>
    </groups>
    <test started-at="2018-08-21T17:17:59Z" name="Test" finished-at="2018-08-21T17:18:00Z" duration-ms="105">
      <class name="com.testng.test.MavenTestNGprac">
        <test-method signature="Sum()[pri:0, instance:com.testng.test.MavenTestNGprac@27ce24aa]" started-at="2018-08-21T10:17:59Z" name="Sum" finished-at="2018-08-21T10:17:59Z" duration-ms="44" status="PASS">
          <reporter-output>
          </reporter-output>
        </test-method> <!-- Sum -->
        <test-method signature="multiply()[pri:0, instance:com.testng.test.MavenTestNGprac@27ce24aa]" started-at="2018-08-21T10:17:59Z" name="multiply" finished-at="2018-08-21T10:18:00Z" duration-ms="4" status="PASS">
          <reporter-output>
          </reporter-output>
        </test-method> <!-- multiply -->
      </class> <!-- com.testng.test.MavenTestNGprac -->
    </test> <!-- Test -->
  </suite> <!-- Suite -->
</testng-results>
